#
# There is insufficient memory for the Java Runtime Environment to continue.
# Native memory allocation (mmap) failed to map 123731968 bytes. Error detail: G1 virtual space
# Possible reasons:
#   The system is out of physical RAM or swap space
#   This process is running with CompressedOops enabled, and the Java Heap may be blocking the growth of the native heap
# Possible solutions:
#   Reduce memory load on the system
#   Increase physical memory or swap space
#   Check if swap backing store is full
#   Decrease Java heap size (-Xmx/-Xms)
#   Decrease number of Java threads
#   Decrease Java thread stack sizes (-Xss)
#   Set larger code cache with -XX:ReservedCodeCacheSize=
#   JVM is running with Unscaled Compressed Oops mode in which the Java heap is
#     placed in the first 4GB address space. The Java Heap base address is the
#     maximum limit for the native heap growth. Please use -XX:HeapBaseMinAddress
#     to set the Java Heap base and to place the Java Heap above 4GB virtual address.
# This output file may be truncated or incomplete.
#
#  Out of Memory Error (os_windows.cpp:3828), pid=9836, tid=7456
#
# JRE version:  (21.0.5) (build )
# Java VM: OpenJDK 64-Bit Server VM (21.0.5+-13047016-b750.29, mixed mode, sharing, tiered, compressed oops, compressed class ptrs, g1 gc, windows-amd64)
# No core dump will be written. Minidumps are not enabled by default on client versions of Windows
#

---------------  S U M M A R Y ------------

Command Line: org.jetbrains.kotlin.cli.jvm.K2JVMCompiler @X:\Learning Android Projects\NukkadEatsAdmin\app\build\20250403_12593218218248295859.compiler.options

Host: AMD Ryzen 5 4500U with Radeon Graphics         , 6 cores, 7G,  Windows 11 , 64 bit Build 26100 (10.0.26100.3575)
Time: Thu Apr  3 22:41:07 2025 India Standard Time elapsed time: 0.011274 seconds (0d 0h 0m 0s)

---------------  T H R E A D  ---------------

Current thread (0x0000023d7ae59920):  JavaThread "Unknown thread" [_thread_in_vm, id=7456, stack(0x0000004888c00000,0x0000004888d00000) (1024K)]

Stack: [0x0000004888c00000,0x0000004888d00000]
Native frames: (J=compiled Java code, j=interpreted, Vv=VM code, C=native code)
V  [jvm.dll+0x6cfb29]
V  [jvm.dll+0x85df93]
V  [jvm.dll+0x8604ee]
V  [jvm.dll+0x860bd3]
V  [jvm.dll+0x27e6b6]
V  [jvm.dll+0x6cc385]
V  [jvm.dll+0x6c078a]
V  [jvm.dll+0x35525b]
V  [jvm.dll+0x35ceb6]
V  [jvm.dll+0x3aedd6]
V  [jvm.dll+0x3af0a8]
V  [jvm.dll+0x32792c]
V  [jvm.dll+0x32861b]
V  [jvm.dll+0x8259d9]
V  [jvm.dll+0x3bbfa8]
V  [jvm.dll+0x80ec88]
V  [jvm.dll+0x45015e]
V  [jvm.dll+0x4518c1]
C  [jli.dll+0x52ab]
C  [ucrtbase.dll+0x37b0]
C  [KERNEL32.DLL+0x2e8d7]
C  [ntdll.dll+0xb14fc]


---------------  P R O C E S S  ---------------

Threads class SMR info:
_java_thread_list=0x00007ffa0cef0808, length=0, elements={
}

Java Threads: ( => current thread )
Total: 0

Other Threads:
  0x0000023d7aea8d60 WorkerThread "GC Thread#0"                     [id=8036, stack(0x0000004888d00000,0x0000004888e00000) (1024K)]
  0x0000023d7aeb8850 ConcurrentGCThread "G1 Main Marker"            [id=4424, stack(0x0000004888e00000,0x0000004888f00000) (1024K)]
  0x0000023d7aeba8b0 WorkerThread "G1 Conc#0"                       [id=15812, stack(0x0000004888f00000,0x0000004889000000) (1024K)]

[error occurred during error reporting (printing all threads), id 0xc0000005, EXCEPTION_ACCESS_VIOLATION (0xc0000005) at pc=0x00007ffa0c6ea967]
VM state: not at safepoint (not fully initialized)

VM Mutex/Monitor currently owned by a thread:  ([mutex/lock_event])
[0x00007ffa0cf5d460] Heap_lock - owner thread: 0x0000023d7ae59920

Heap address: 0x000000008a000000, size: 1888 MB, Compressed Oops mode: 32-bit

CDS archive(s) mapped at: [0x0000000000000000-0x0000000000000000-0x0000000000000000), size 0, SharedBaseAddress: 0x0000000800000000, ArchiveRelocationMode: 1.
Narrow klass base: 0x0000000000000000, Narrow klass shift: 0, Narrow klass range: 0x0

GC Precious Log:
 CardTable entry size: 512
 Card Set container configuration: InlinePtr #cards 5 size 8 Array Of Cards #cards 12 size 40 Howl #buckets 4 coarsen threshold 1843 Howl Bitmap #cards 512 size 80 coarsen threshold 460 Card regions per heap region 1 cards per card region 2048

Heap:
 garbage-first heap   total 0K, used 0K [0x000000008a000000, 0x0000000100000000)
  region size 1024K, 0 young (0K), 0 survivors (0K)
 Metaspace       used 0K, committed 0K, reserved 0K
  class space    used 0K, committed 0K, reserved 0K

Heap Regions: E=young(eden), S=young(survivor), O=old, HS=humongous(starts), HC=humongous(continues), CS=collection set, F=free, TAMS=top-at-mark-start, PB=parsable bottom

Card table byte_map: [0x0000023d7e470000,0x0000023d7e820000] _byte_map_base: 0x0000023d7e020000

Marking Bits: (CMBitMap*) 0x0000023d7aea9370
 Bits: [0x0000023d0f000000, 0x0000023d10d80000)

GC Heap History (0 events):
No events

Dll operation events (1 events):
Event: 0.008 Loaded shared library C:\Program Files\Android\Android Studio1\jbr\bin\java.dll

Deoptimization events (0 events):
No events

Classes loaded (0 events):
No events

Classes unloaded (0 events):
No events

Classes redefined (0 events):
No events

Internal exceptions (0 events):
No events

ZGC Phase Switch (0 events):
No events

VM Operations (0 events):
No events

Memory protections (0 events):
No events

Nmethod flushes (0 events):
No events

Events (0 events):
No events


Dynamic libraries:
0x00007ff60b130000 - 0x00007ff60b13a000 	C:\Program Files\Android\Android Studio1\jbr\bin\java.exe
0x00007ffa74340000 - 0x00007ffa745a0000 	C:\WINDOWS\SYSTEM32\ntdll.dll
0x00007ffa73870000 - 0x00007ffa73937000 	C:\WINDOWS\System32\KERNEL32.DLL
0x00007ffa71c00000 - 0x00007ffa71fca000 	C:\WINDOWS\System32\KERNELBASE.dll
0x00007ffa71600000 - 0x00007ffa7174b000 	C:\WINDOWS\System32\ucrtbase.dll
0x00007ffa6b9a0000 - 0x00007ffa6b9b8000 	C:\Program Files\Android\Android Studio1\jbr\bin\jli.dll
0x00007ffa66140000 - 0x00007ffa6615b000 	C:\Program Files\Android\Android Studio1\jbr\bin\VCRUNTIME140.dll
0x00007ffa73560000 - 0x00007ffa7372c000 	C:\WINDOWS\System32\USER32.dll
0x00007ffa5ddd0000 - 0x00007ffa5e069000 	C:\WINDOWS\WinSxS\amd64_microsoft.windows.common-controls_6595b64144ccf1df_6.0.26100.3575_none_3e0d5430e32ff727\COMCTL32.dll
0x00007ffa715d0000 - 0x00007ffa715f7000 	C:\WINDOWS\System32\win32u.dll
0x00007ffa72970000 - 0x00007ffa72a19000 	C:\WINDOWS\System32\msvcrt.dll
0x00007ffa72a20000 - 0x00007ffa72a4a000 	C:\WINDOWS\System32\GDI32.dll
0x00007ffa71940000 - 0x00007ffa71a71000 	C:\WINDOWS\System32\gdi32full.dll
0x00007ffa71520000 - 0x00007ffa715c3000 	C:\WINDOWS\System32\msvcp_win.dll
0x00007ffa73bd0000 - 0x00007ffa73bff000 	C:\WINDOWS\System32\IMM32.DLL
0x00007ffa6bdf0000 - 0x00007ffa6bdfc000 	C:\Program Files\Android\Android Studio1\jbr\bin\vcruntime140_1.dll
0x00007ffa66260000 - 0x00007ffa662ed000 	C:\Program Files\Android\Android Studio1\jbr\bin\msvcp140.dll
0x00007ffa0c3b0000 - 0x00007ffa0d03a000 	C:\Program Files\Android\Android Studio1\jbr\bin\server\jvm.dll
0x00007ffa73740000 - 0x00007ffa737f2000 	C:\WINDOWS\System32\ADVAPI32.dll
0x00007ffa733c0000 - 0x00007ffa73466000 	C:\WINDOWS\System32\sechost.dll
0x00007ffa72140000 - 0x00007ffa72256000 	C:\WINDOWS\System32\RPCRT4.dll
0x00007ffa73ef0000 - 0x00007ffa73f64000 	C:\WINDOWS\System32\WS2_32.dll
0x00007ffa713a0000 - 0x00007ffa713fe000 	C:\WINDOWS\SYSTEM32\POWRPROF.dll
0x00007ffa69cc0000 - 0x00007ffa69cf6000 	C:\WINDOWS\SYSTEM32\WINMM.dll
0x00007ffa69d00000 - 0x00007ffa69d0b000 	C:\WINDOWS\SYSTEM32\VERSION.dll
0x00007ffa71380000 - 0x00007ffa71394000 	C:\WINDOWS\SYSTEM32\UMPDC.dll
0x00007ffa702d0000 - 0x00007ffa702ea000 	C:\WINDOWS\SYSTEM32\kernel.appcore.dll
0x00007ffa6b970000 - 0x00007ffa6b97a000 	C:\Program Files\Android\Android Studio1\jbr\bin\jimage.dll
0x00007ffa6edf0000 - 0x00007ffa6f031000 	C:\WINDOWS\SYSTEM32\DBGHELP.DLL
0x00007ffa73f70000 - 0x00007ffa742f3000 	C:\WINDOWS\System32\combase.dll
0x00007ffa73a40000 - 0x00007ffa73b16000 	C:\WINDOWS\System32\OLEAUT32.dll
0x00007ffa5c530000 - 0x00007ffa5c569000 	C:\WINDOWS\SYSTEM32\dbgcore.DLL
0x00007ffa71750000 - 0x00007ffa717e9000 	C:\WINDOWS\System32\bcryptPrimitives.dll
0x00007ffa66020000 - 0x00007ffa66040000 	C:\Program Files\Android\Android Studio1\jbr\bin\java.dll

dbghelp: loaded successfully - version: 4.0.5 - missing functions: none
symbol engine: initialized successfully - sym options: 0x614 - pdb path: .;C:\Program Files\Android\Android Studio1\jbr\bin;C:\WINDOWS\SYSTEM32;C:\WINDOWS\WinSxS\amd64_microsoft.windows.common-controls_6595b64144ccf1df_6.0.26100.3575_none_3e0d5430e32ff727;C:\Program Files\Android\Android Studio1\jbr\bin\server

VM Arguments:
java_command: org.jetbrains.kotlin.cli.jvm.K2JVMCompiler @X:\Learning Android Projects\NukkadEatsAdmin\app\build\20250403_12593218218248295859.compiler.options
java_class_path (initial): C:\Users\paliw\.gradle\caches\modules-2\files-2.1\org.jetbrains.kotlin\kotlin-compiler-embeddable\1.9.24\78dab849090e6c5e2eadb6e59a11cdc28fb67a08\kotlin-compiler-embeddable-1.9.24.jar;C:\Users\paliw\.gradle\caches\modules-2\files-2.1\org.jetbrains.kotlin\kotlin-stdlib\1.9.24\9928532f12c66ad816a625b3f9984f8368ca6d2b\kotlin-stdlib-1.9.24.jar;C:\Users\paliw\.gradle\caches\modules-2\files-2.1\org.jetbrains.kotlin\kotlin-script-runtime\1.9.24\96771497da90fbc5af1c90fce148db2595a62502\kotlin-script-runtime-1.9.24.jar;C:\Users\paliw\.gradle\caches\modules-2\files-2.1\org.jetbrains.kotlin\kotlin-reflect\1.6.10\1cbe9c92c12a94eea200d23c2bbaedaf3daf5132\kotlin-reflect-1.6.10.jar;C:\Users\paliw\.gradle\caches\modules-2\files-2.1\org.jetbrains.kotlin\kotlin-daemon-embeddable\1.9.24\86685b9c5e8d170925bd9ddbdc263374a6a73281\kotlin-daemon-embeddable-1.9.24.jar;C:\Users\paliw\.gradle\caches\modules-2\files-2.1\org.jetbrains.intellij.deps\trove4j\1.0.20200330\3afb14d5f9ceb459d724e907a21145e8ff394f02\trove4j-1.0.20200330.jar;C:\Users\paliw\.gradle\caches\modules-2\files-2.1\org.jetbrains\annotations\13.0\919f0dfe192fb4e063e7dacadee7f8bb9a2672a9\annotations-13.0.jar
Launcher Type: SUN_STANDARD

[Global flags]
     intx CICompilerCount                          = 3                                         {product} {ergonomic}
     uint ConcGCThreads                            = 2                                         {product} {ergonomic}
     uint G1ConcRefinementThreads                  = 6                                         {product} {ergonomic}
   size_t G1HeapRegionSize                         = 1048576                                   {product} {ergonomic}
    uintx GCDrainStackTargetSize                   = 64                                        {product} {ergonomic}
   size_t InitialHeapSize                          = 123731968                                 {product} {ergonomic}
   size_t MarkStackSize                            = 4194304                                   {product} {ergonomic}
   size_t MaxHeapSize                              = 1979711488                                {product} {ergonomic}
   size_t MinHeapDeltaBytes                        = 1048576                                   {product} {ergonomic}
   size_t MinHeapSize                              = 8388608                                   {product} {ergonomic}
    uintx NonNMethodCodeHeapSize                   = 5832780                                {pd product} {ergonomic}
    uintx NonProfiledCodeHeapSize                  = 122912730                              {pd product} {ergonomic}
    uintx ProfiledCodeHeapSize                     = 122912730                              {pd product} {ergonomic}
    uintx ReservedCodeCacheSize                    = 251658240                              {pd product} {ergonomic}
     bool SegmentedCodeCache                       = true                                      {product} {ergonomic}
   size_t SoftMaxHeapSize                          = 1979711488                             {manageable} {ergonomic}
     bool UseCompressedOops                        = true                           {product lp64_product} {ergonomic}
     bool UseG1GC                                  = true                                      {product} {ergonomic}
     bool UseLargePagesIndividualAllocation        = false                                  {pd product} {ergonomic}

Logging:
Log output configuration:
 #0: stdout all=warning uptime,level,tags foldmultilines=false
 #1: stderr all=off uptime,level,tags foldmultilines=false

Environment Variables:
JAVA_HOME=C:\Users\paliw\AppData\Local\Programs\Eclipse Adoptium\jdk-17.0.9.9-hotspot\
PATH=C:\Program Files\Eclipse Adoptium\jdk-21.0.1.12-hotspot\bin;C:\WINDOWS\system32;C:\WINDOWS;C:\WINDOWS\System32\Wbem;C:\WINDOWS\System32\WindowsPowerShell\v1.0\;C:\WINDOWS\System32\OpenSSH\;C:\MinGW\bin;C:\ProgramData\chocolatey\bin;C:\Program Files\Git\cmd;C:\Program Files\nodejs\;C:\Program Files (x86)\Windows Kits\10\Windows Performance Toolkit\;C:\Users\paliw\AppData\Local\Programs\Eclipse Adoptium\jdk-17.0.9.9-hotspot\bin;C:\Users\paliw\AppData\Local\Microsoft\WindowsApps;C:\Users\paliw\AppData\Local\Programs\Microsoft VS Code\bin;C:\Users\paliw\Downloads\flutter_windows_3.16.2-stable\flutter\bin;C:\Users\paliw\AppData\Local\Packages\PythonSoftwareFoundation.Python.3.11_qbz5n2kfra8p0\LocalCache\local-packages\Python311\Scripts;C:\Users\paliw\AppData\Roaming\npm
USERNAME=paliw
OS=Windows_NT
PROCESSOR_IDENTIFIER=AMD64 Family 23 Model 96 Stepping 1, AuthenticAMD
TMP=C:\Users\paliw\AppData\Local\Temp
TEMP=C:\Users\paliw\AppData\Local\Temp




Periodic native trim disabled

JNI global refs:
JNI global refs: 0, weak refs: 0

JNI global refs memory usage: 0, weak refs: 0

Process memory usage:
Resident Set Size: 13168K (0% of 7731360K total physical memory with 749816K free physical memory)

OOME stack traces (most recent first):
Classloader memory used:

---------------  S Y S T E M  ---------------

OS:
 Windows 11 , 64 bit Build 26100 (10.0.26100.3575)
OS uptime: 1 days 2:32 hours
Hyper-V role detected

CPU: total 6 (initial active 6) (6 cores per cpu, 1 threads per core) family 23 model 96 stepping 1 microcode 0x8600106, cx8, cmov, fxsr, mmx, 3dnowpref, sse, sse2, sse3, ssse3, sse4a, sse4.1, sse4.2, popcnt, lzcnt, tsc, tscinvbit, avx, avx2, aes, clmul, bmi1, bmi2, adx, sha, fma, vzeroupper, clflush, clflushopt, hv, rdtscp, rdpid, f16c
Processor Information for all 6 processors :
  Max Mhz: 2375, Current Mhz: 2375, Mhz Limit: 2375

Memory: 4k page, system-wide physical 7550M (732M free)
TotalPageFile size 27436M (AvailPageFile size 72M)
current process WorkingSet (physical memory assigned to process): 12M, peak: 12M
current process commit charge ("private bytes"): 56M, peak: 174M

vm_info: OpenJDK 64-Bit Server VM (21.0.5+-13047016-b750.29) for windows-amd64 JRE (21.0.5+-13047016-b750.29), built on 2025-02-11T21:12:39Z by "builder" with MS VC++ 16.10 / 16.11 (VS2019)

END.
